# JRE version: OpenJDK Runtime Environment (8.0_43-b03) (build 1.8.0_43-b03)
# Java VM: OpenJDK Client VM (25.40-b25 mixed mode windows-x86 )
Heap:
 def new generation   total 4928K, used 3030K [0x04600000, 0x04b50000, 0x09b50000)
  eden space 4416K,  57% used [0x04600000, 0x04875a60, 0x04a50000)
  from space 512K, 100% used [0x04ad0000, 0x04b50000, 0x04b50000)
  to   space 512K,   0% used [0x04a50000, 0x04a50000, 0x04ad0000)
 tenured generation   total 10944K, used 2317K [0x09b50000, 0x0a600000, 0x14600000)
   the space 10944K,  21% used [0x09b50000, 0x09d93408, 0x09d93600, 0x0a600000)
 Metaspace       used 9515K, capacity 9723K, committed 9728K, reserved 10624K
GC Heap History (6 events):
Event: 0.180 GC heap before
{Heap before GC invocations=0 (full 0):
 def new generation   total 4928K, used 4416K [0x04600000, 0x04b50000, 0x09b50000)
  eden space 4416K, 100% used [0x04600000, 0x04a50000, 0x04a50000)
  from space 512K,   0% used [0x04a50000, 0x04a50000, 0x04ad0000)
  to   space 512K,   0% used [0x04ad0000, 0x04ad0000, 0x04b50000)
 tenured generation   total 10944K, used 0K [0x09b50000, 0x0a600000, 0x14600000)
   the space 10944K,   0% used [0x09b50000, 0x09b50000, 0x09b50200, 0x0a600000)
 Metaspace       used 4192K, capacity 4240K, committed 4288K, reserved 4480K
Event: 0.182 GC heap after
Heap after GC invocations=1 (full 0):
 def new generation   total 4928K, used 512K [0x04600000, 0x04b50000, 0x09b50000)
  eden space 4416K,   0% used [0x04600000, 0x04600000, 0x04a50000)
  from space 512K, 100% used [0x04ad0000, 0x04b50000, 0x04b50000)
  to   space 512K,   0% used [0x04a50000, 0x04a50000, 0x04ad0000)
 tenured generation   total 10944K, used 625K [0x09b50000, 0x0a600000, 0x14600000)
   the space 10944K,   5% used [0x09b50000, 0x09bec740, 0x09bec800, 0x0a600000)
 Metaspace       used 4192K, capacity 4240K, committed 4288K, reserved 4480K
}
Event: 0.464 GC heap before
{Heap before GC invocations=1 (full 0):
 def new generation   total 4928K, used 4928K [0x04600000, 0x04b50000, 0x09b50000)
  eden space 4416K, 100% used [0x04600000, 0x04a50000, 0x04a50000)
  from space 512K, 100% used [0x04ad0000, 0x04b50000, 0x04b50000)
  to   space 512K,   0% used [0x04a50000, 0x04a50000, 0x04ad0000)
 tenured generation   total 10944K, used 625K [0x09b50000, 0x0a600000, 0x14600000)
   the space 10944K,   5% used [0x09b50000, 0x09bec740, 0x09bec800, 0x0a600000)
 Metaspace       used 7106K, capacity 7271K, committed 7296K, reserved 7552K
Event: 0.467 GC heap after
Heap after GC invocations=2 (full 0):
 def new generation   total 4928K, used 512K [0x04600000, 0x04b50000, 0x09b50000)
  eden space 4416K,   0% used [0x04600000, 0x04600000, 0x04a50000)
  from space 512K, 100% used [0x04a50000, 0x04ad0000, 0x04ad0000)
  to   space 512K,   0% used [0x04ad0000, 0x04ad0000, 0x04b50000)
 tenured generation   total 10944K, used 1447K [0x09b50000, 0x0a600000, 0x14600000)
   the space 10944K,  13% used [0x09b50000, 0x09cb9ef0, 0x09cba000, 0x0a600000)
 Metaspace       used 7106K, capacity 7271K, committed 7296K, reserved 7552K
}
Event: 0.671 GC heap before
{Heap before GC invocations=2 (full 0):
 def new generation   total 4928K, used 3743K [0x04600000, 0x04b50000, 0x09b50000)
  eden space 4416K,  73% used [0x04600000, 0x04927f90, 0x04a50000)
  from space 512K, 100% used [0x04a50000, 0x04ad0000, 0x04ad0000)
  to   space 512K,   0% used [0x04ad0000, 0x04ad0000, 0x04b50000)
 tenured generation   total 10944K, used 1447K [0x09b50000, 0x0a600000, 0x14600000)
   the space 10944K,  13% used [0x09b50000, 0x09cb9ef0, 0x09cba000, 0x0a600000)
 Metaspace       used 9514K, capacity 9723K, committed 9728K, reserved 10624K
Event: 0.682 GC heap after
Heap after GC invocations=3 (full 0):
 def new generation   total 4928K, used 512K [0x04600000, 0x04b50000, 0x09b50000)
  eden space 4416K,   0% used [0x04600000, 0x04600000, 0x04a50000)
  from space 512K, 100% used [0x04ad0000, 0x04b50000, 0x04b50000)
  to   space 512K,   0% used [0x04a50000, 0x04a50000, 0x04ad0000)
 tenured generation   total 10944K, used 2317K [0x09b50000, 0x0a600000, 0x14600000)
   the space 10944K,  21% used [0x09b50000, 0x09d93408, 0x09d93600, 0x0a600000)
 Metaspace       used 9514K, capacity 9723K, committed 9728K, reserved 10624K
}

